{"logLevel":"debug","message":"multithreading is set to false"}
{"logLevel":"debug","message":"Using reflection to scan dependencies for gauge implementations..."}
SLF4J: Failed to load class "org.slf4j.impl.StaticLoggerBinder".
SLF4J: Defaulting to no-operation (NOP) logger implementation
SLF4J: See http://www.slf4j.org/codes.html#StaticLoggerBinder for further details.
{"logLevel":"debug","message":"gauge-java took 1011milliseconds to load and scan. This should be less than 'runner_connection_timeout' config value."}
{"logLevel":"debug","message":"run 'gauge config runner_connection_timeout' and verify that it is < 1011"}
{"logLevel":"debug","message":"starting gRPC server..."}
{"logLevel":"debug","message":"started gRPC server on port 65493"}
{"logLevel":"info","message":"Listening on port:65493"}
{"logLevel":"debug","message":"Killing Java runner..."}
{"logLevel":"debug","message":"Stopping execution pool..."}
{"logLevel":"debug","message":"Shutting down grpc server..."}
{"logLevel":"debug","message":"Scanning packages for steps"}
{"logLevel":"debug","message":"Comparing 'org.example.StepImplementation.bekle' and 'org.example.StepImplementation.bekle'"}
{"logLevel":"debug","message":"Found bekle in current project scope."}
{"logLevel":"debug","message":"Comparing 'org.example.StepImplementation.implementation1' and 'org.example.StepImplementation.implementation1'"}
{"logLevel":"debug","message":"Found Open Site in current project scope."}
{"logLevel":"debug","message":"Comparing 'org.example.StepImplementation.kaydet' and 'org.example.StepImplementation.kaydet'"}
{"logLevel":"debug","message":"Found rasgele bir ürünü favoriye al kaydet in current project scope."}
{"logLevel":"debug","message":"Comparing 'org.example.StepImplementation.text' and 'org.example.StepImplementation.text'"}
{"logLevel":"debug","message":"Found {} elementine {} degerini gir in current project scope."}
{"logLevel":"debug","message":"Comparing 'org.example.StepImplementation.gotoGetStartedPage' and 'org.example.StepImplementation.gotoGetStartedPage'"}
{"logLevel":"debug","message":"Found {} elementine týkla in current project scope."}
{"logLevel":"debug","message":"Comparing 'org.example.StepImplementation.uzerindedur' and 'org.example.StepImplementation.uzerindedur'"}
{"logLevel":"debug","message":"Found {} elementi üzerinde dur in current project scope."}
{"logLevel":"debug","message":"Comparing 'org.example.StepImplementation.anasayfatest' and 'org.example.StepImplementation.anasayfatest'"}
{"logLevel":"debug","message":"Found Anasayfa test in current project scope."}
{"logLevel":"debug","message":"Comparing 'org.example.StepImplementation.kontrol' and 'org.example.StepImplementation.kontrol'"}
{"logLevel":"debug","message":"Found {} elementini kontrol et in current project scope."}
{"logLevel":"debug","message":"Runner killed gracefully."}
{"logLevel":"debug","message":"Comparing 'org.example.StepImplementation.beklse' and 'org.example.StepImplementation.beklse'"}
{"logLevel":"debug","message":"Found test in current project scope."}
{"logLevel":"debug","message":"Comparing 'org.example.StepImplementation.kontrolet' and 'org.example.StepImplementation.kontrolet'"}
{"logLevel":"debug","message":"Found favori ürünü kontrol et ve sil in current project scope."}
{"logLevel":"debug","message":"Scanning packages for hooks"}
